# JRE version: Java(TM) SE Runtime Environment (7.0_51-b13) (build 1.7.0_51-b13)
# Java VM: Java HotSpot(TM) 64-Bit Server VM (24.51-b03 mixed mode linux-amd64 compressed oops)
Heap
 PSYoungGen      total 59392K, used 35620K [0x00000000f9c00000, 0x00000000fde00000, 0x0000000100000000)
  eden space 52736K, 55% used [0x00000000f9c00000,0x00000000fb8ae0e0,0x00000000fcf80000)
  from space 6656K, 93% used [0x00000000fd680000,0x00000000fdc9b248,0x00000000fdd00000)
  to   space 7168K, 0% used [0x00000000fcf80000,0x00000000fcf80000,0x00000000fd680000)
 ParOldGen       total 34304K, used 9209K [0x00000000ed400000, 0x00000000ef580000, 0x00000000f9c00000)
  object space 34304K, 26% used [0x00000000ed400000,0x00000000edcfe640,0x00000000ef580000)
 PSPermGen       total 22016K, used 21526K [0x00000000e5c00000, 0x00000000e7180000, 0x00000000ed400000)
  object space 22016K, 97% used [0x00000000e5c00000,0x00000000e7105818,0x00000000e7180000)
GC Heap History (10 events):
Event: 5.730 GC heap before
{Heap before GC invocations=2 (full 0):
 PSYoungGen      total 15360K, used 15355K [0x00000000f9c00000, 0x00000000fba00000, 0x0000000100000000)
  eden space 13312K, 100% used [0x00000000f9c00000,0x00000000fa900000,0x00000000fa900000)
  from space 2048K, 99% used [0x00000000fa900000,0x00000000faafee58,0x00000000fab00000)
  to   space 2048K, 0% used [0x00000000fb800000,0x00000000fb800000,0x00000000fba00000)
 ParOldGen       total 34304K, used 426K [0x00000000ed400000, 0x00000000ef580000, 0x00000000f9c00000)
  object space 34304K, 1% used [0x00000000ed400000,0x00000000ed46aa68,0x00000000ef580000)
 PSPermGen       total 21504K, used 8123K [0x00000000e5c00000, 0x00000000e7100000, 0x00000000ed400000)
  object space 21504K, 37% used [0x00000000e5c00000,0x00000000e63eec70,0x00000000e7100000)
Event: 5.738 GC heap after
Heap after GC invocations=2 (full 0):
 PSYoungGen      total 15360K, used 2036K [0x00000000f9c00000, 0x00000000fba00000, 0x0000000100000000)
  eden space 13312K, 0% used [0x00000000f9c00000,0x00000000f9c00000,0x00000000fa900000)
  from space 2048K, 99% used [0x00000000fb800000,0x00000000fb9fd158,0x00000000fba00000)
  to   space 2048K, 0% used [0x00000000fa900000,0x00000000fa900000,0x00000000fab00000)
 ParOldGen       total 34304K, used 1784K [0x00000000ed400000, 0x00000000ef580000, 0x00000000f9c00000)
  object space 34304K, 5% used [0x00000000ed400000,0x00000000ed5be270,0x00000000ef580000)
 PSPermGen       total 21504K, used 8123K [0x00000000e5c00000, 0x00000000e7100000, 0x00000000ed400000)
  object space 21504K, 37% used [0x00000000e5c00000,0x00000000e63eec70,0x00000000e7100000)
}
Event: 5.981 GC heap before
{Heap before GC invocations=3 (full 0):
 PSYoungGen      total 15360K, used 15348K [0x00000000f9c00000, 0x00000000fba00000, 0x0000000100000000)
  eden space 13312K, 100% used [0x00000000f9c00000,0x00000000fa900000,0x00000000fa900000)
  from space 2048K, 99% used [0x00000000fb800000,0x00000000fb9fd158,0x00000000fba00000)
  to   space 2048K, 0% used [0x00000000fa900000,0x00000000fa900000,0x00000000fab00000)
 ParOldGen       total 34304K, used 1784K [0x00000000ed400000, 0x00000000ef580000, 0x00000000f9c00000)
  object space 34304K, 5% used [0x00000000ed400000,0x00000000ed5be270,0x00000000ef580000)
 PSPermGen       total 21504K, used 10080K [0x00000000e5c00000, 0x00000000e7100000, 0x00000000ed400000)
  object space 21504K, 46% used [0x00000000e5c00000,0x00000000e65d8060,0x00000000e7100000)
Event: 5.987 GC heap after
Heap after GC invocations=3 (full 0):
 PSYoungGen      total 15360K, used 2016K [0x00000000f9c00000, 0x00000000fba00000, 0x0000000100000000)
  eden space 13312K, 0% used [0x00000000f9c00000,0x00000000f9c00000,0x00000000fa900000)
  from space 2048K, 98% used [0x00000000fa900000,0x00000000faaf8030,0x00000000fab00000)
  to   space 2048K, 0% used [0x00000000fb800000,0x00000000fb800000,0x00000000fba00000)
 ParOldGen       total 34304K, used 3191K [0x00000000ed400000, 0x00000000ef580000, 0x00000000f9c00000)
  object space 34304K, 9% used [0x00000000ed400000,0x00000000ed71dd98,0x00000000ef580000)
 PSPermGen       total 21504K, used 10080K [0x00000000e5c00000, 0x00000000e7100000, 0x00000000ed400000)
  object space 21504K, 46% used [0x00000000e5c00000,0x00000000e65d8060,0x00000000e7100000)
}
Event: 6.176 GC heap before
{Heap before GC invocations=4 (full 0):
 PSYoungGen      total 15360K, used 15326K [0x00000000f9c00000, 0x00000000fba00000, 0x0000000100000000)
  eden space 13312K, 99% used [0x00000000f9c00000,0x00000000fa8ff838,0x00000000fa900000)
  from space 2048K, 98% used [0x00000000fa900000,0x00000000faaf8030,0x00000000fab00000)
  to   space 2048K, 0% used [0x00000000fb800000,0x00000000fb800000,0x00000000fba00000)
 ParOldGen       total 34304K, used 3191K [0x00000000ed400000, 0x00000000ef580000, 0x00000000f9c00000)
  object space 34304K, 9% used [0x00000000ed400000,0x00000000ed71dd98,0x00000000ef580000)
 PSPermGen       total 21504K, used 11592K [0x00000000e5c00000, 0x00000000e7100000, 0x00000000ed400000)
  object space 21504K, 53% used [0x00000000e5c00000,0x00000000e67522b0,0x00000000e7100000)
Event: 6.189 GC heap after
Heap after GC invocations=4 (full 0):
 PSYoungGen      total 28672K, used 2034K [0x00000000f9c00000, 0x00000000fba00000, 0x0000000100000000)
  eden space 26624K, 0% used [0x00000000f9c00000,0x00000000f9c00000,0x00000000fb600000)
  from space 2048K, 99% used [0x00000000fb800000,0x00000000fb9fcb50,0x00000000fba00000)
  to   space 2048K, 0% used [0x00000000fb600000,0x00000000fb600000,0x00000000fb800000)
 ParOldGen       total 34304K, used 4712K [0x00000000ed400000, 0x00000000ef580000, 0x00000000f9c00000)
  object space 34304K, 13% used [0x00000000ed400000,0x00000000ed89a170,0x00000000ef580000)
 PSPermGen       total 21504K, used 11592K [0x00000000e5c00000, 0x00000000e7100000, 0x00000000ed400000)
  object space 21504K, 53% used [0x00000000e5c00000,0x00000000e67522b0,0x00000000e7100000)
}
Event: 6.614 GC heap before
{Heap before GC invocations=5 (full 0):
 PSYoungGen      total 28672K, used 28658K [0x00000000f9c00000, 0x00000000fba00000, 0x0000000100000000)
  eden space 26624K, 100% used [0x00000000f9c00000,0x00000000fb600000,0x00000000fb600000)
  from space 2048K, 99% used [0x00000000fb800000,0x00000000fb9fcb50,0x00000000fba00000)
  to   space 2048K, 0% used [0x00000000fb600000,0x00000000fb600000,0x00000000fb800000)
 ParOldGen       total 34304K, used 4712K [0x00000000ed400000, 0x00000000ef580000, 0x00000000f9c00000)
  object space 34304K, 13% used [0x00000000ed400000,0x00000000ed89a170,0x00000000ef580000)
 PSPermGen       total 21504K, used 15851K [0x00000000e5c00000, 0x00000000e7100000, 0x00000000ed400000)
  object space 21504K, 73% used [0x00000000e5c00000,0x00000000e6b7ad80,0x00000000e7100000)
Event: 6.627 GC heap after
Heap after GC invocations=5 (full 0):
 PSYoungGen      total 28672K, used 2033K [0x00000000f9c00000, 0x00000000fdd00000, 0x0000000100000000)
  eden space 26624K, 0% used [0x00000000f9c00000,0x00000000f9c00000,0x00000000fb600000)
  from space 2048K, 99% used [0x00000000fb600000,0x00000000fb7fc570,0x00000000fb800000)
  to   space 6656K, 0% used [0x00000000fd680000,0x00000000fd680000,0x00000000fdd00000)
 ParOldGen       total 34304K, used 9209K [0x00000000ed400000, 0x00000000ef580000, 0x00000000f9c00000)
  object space 34304K, 26% used [0x00000000ed400000,0x00000000edcfe640,0x00000000ef580000)
 PSPermGen       total 21504K, used 15851K [0x00000000e5c00000, 0x00000000e7100000, 0x00000000ed400000)
  object space 21504K, 73% used [0x00000000e5c00000,0x00000000e6b7ad80,0x00000000e7100000)
}
Event: 7.031 GC heap before
{Heap before GC invocations=6 (full 0):
 PSYoungGen      total 28672K, used 28657K [0x00000000f9c00000, 0x00000000fdd00000, 0x0000000100000000)
  eden space 26624K, 100% used [0x00000000f9c00000,0x00000000fb600000,0x00000000fb600000)
  from space 2048K, 99% used [0x00000000fb600000,0x00000000fb7fc570,0x00000000fb800000)
  to   space 6656K, 0% used [0x00000000fd680000,0x00000000fd680000,0x00000000fdd00000)
 ParOldGen       total 34304K, used 9209K [0x00000000ed400000, 0x00000000ef580000, 0x00000000f9c00000)
  object space 34304K, 26% used [0x00000000ed400000,0x00000000edcfe640,0x00000000ef580000)
 PSPermGen       total 21504K, used 19666K [0x00000000e5c00000, 0x00000000e7100000, 0x00000000ed400000)
  object space 21504K, 91% used [0x00000000e5c00000,0x00000000e6f34ab0,0x00000000e7100000)
Event: 7.042 GC heap after
Heap after GC invocations=6 (full 0):
 PSYoungGen      total 59392K, used 6252K [0x00000000f9c00000, 0x00000000fde00000, 0x0000000100000000)
  eden space 52736K, 0% used [0x00000000f9c00000,0x00000000f9c00000,0x00000000fcf80000)
  from space 6656K, 93% used [0x00000000fd680000,0x00000000fdc9b248,0x00000000fdd00000)
  to   space 7168K, 0% used [0x00000000fcf80000,0x00000000fcf80000,0x00000000fd680000)
 ParOldGen       total 34304K, used 9209K [0x00000000ed400000, 0x00000000ef580000, 0x00000000f9c00000)
  object space 34304K, 26% used [0x00000000ed400000,0x00000000edcfe640,0x00000000ef580000)
 PSPermGen       total 21504K, used 19666K [0x00000000e5c00000, 0x00000000e7100000, 0x00000000ed400000)
  object space 21504K, 91% used [0x00000000e5c00000,0x00000000e6f34ab0,0x00000000e7100000)
}

